<?xml version="1.0" encoding="UTF-8"?>
<testsuite xmlns:xsi="http://www.w3.org/2001/XMLSchema-instance" xsi:noNamespaceSchemaLocation="https://maven.apache.org/surefire/maven-failsafe-plugin/xsd/failsafe-test-report-3.0.xsd" version="3.0" name="com.cosmocats.market.it.ProductControllerIT" time="4.801" tests="1" errors="0" skipped="0" failures="0">
  <properties>
[...]
</properties>
  <testcase name="create_works" classname="com.cosmocats.market.it.ProductControllerIT" time="1.404">
    <system-out><![CDATA[19:54:44.786 [main] INFO org.springframework.test.context.support.AnnotationConfigContextLoaderUtils -- Could not detect default configuration classes for test class [com.cosmocats.market.it.ProductControllerIT]: ProductControllerIT does not declare any static, non-private, non-final, nested classes annotated with @Configuration.
19:54:45.002 [main] INFO org.springframework.boot.test.context.SpringBootTestContextBootstrapper -- Found @SpringBootConfiguration com.cosmocats.market.CosmoCatsApplication for test class com.cosmocats.market.it.ProductControllerIT

  .   ____          _            __ _ _
 /\\ / ___'_ __ _ _(_)_ __  __ _ \ \ \ \
( ( )\___ | '_ | '_| | '_ \/ _` | \ \ \ \
 \\/  ___)| |_)| | | | | || (_| |  ) ) ) )
  '  |____| .__|_| |_|_| |_\__, | / / / /
 =========|_|==============|___/=/_/_/_/

 :: Spring Boot ::                (v3.3.3)

2025-11-02T19:54:45.677+02:00  INFO 17700 --- [           main] c.c.market.it.ProductControllerIT        : Starting ProductControllerIT using Java 21.0.2 with PID 17700 (started by User in C:\Users\User\lab1.1-cosmocats)
2025-11-02T19:54:45.679+02:00  INFO 17700 --- [           main] c.c.market.it.ProductControllerIT        : No active profile set, falling back to 1 default profile: "default"
2025-11-02T19:54:47.759+02:00  INFO 17700 --- [           main] o.s.b.t.m.w.SpringBootMockServletContext : Initializing Spring TestDispatcherServlet ''
2025-11-02T19:54:47.761+02:00  INFO 17700 --- [           main] o.s.t.web.servlet.TestDispatcherServlet  : Initializing Servlet ''
2025-11-02T19:54:47.763+02:00  INFO 17700 --- [           main] o.s.t.web.servlet.TestDispatcherServlet  : Completed initialization in 1 ms
2025-11-02T19:54:47.789+02:00  INFO 17700 --- [           main] c.c.market.it.ProductControllerIT        : Started ProductControllerIT in 2.508 seconds (process running for 4.489)
]]></system-out>
    <system-err><![CDATA[WARNING: A Java agent has been loaded dynamically (C:\Users\User\.m2\repository\net\bytebuddy\byte-buddy-agent\1.14.19\byte-buddy-agent-1.14.19.jar)
WARNING: If a serviceability tool is in use, please run with -XX:+EnableDynamicAgentLoading to hide this warning
WARNING: If a serviceability tool is not in use, please run with -Djdk.instrument.traceUsage for more information
WARNING: Dynamic loading of agents will be disallowed by default in a future release
]]></system-err>
  </testcase>
</testsuite>